SET
CREATE TABLE
INSERT 0 1000000
VACUUM
            substr             | octet_length | pg_column_size | pg_column_size 
-------------------------------+--------------+----------------+----------------
 "k0k0k0k0k0k0k0k0k0k0k0k0k0k0 |         1941 |           2008 |           2032
(1 row)

             ?column?             
----------------------------------
 hstore_inline_uncompressed found
(1 row)

                                                               QUERY PLAN                                                               
----------------------------------------------------------------------------------------------------------------------------------------
 Seq Scan on hstore_inline_uncompressed  (cost=0.00..262500.00 rows=1000000 width=32) (actual time=0.011..556.485 rows=1000000 loops=1)
 Planning Time: 0.039 ms
 Execution Time: 601.861 ms
(3 rows)

                                                               QUERY PLAN                                                               
----------------------------------------------------------------------------------------------------------------------------------------
 Seq Scan on hstore_inline_uncompressed  (cost=0.00..262500.00 rows=1000000 width=32) (actual time=0.013..491.549 rows=1000000 loops=1)
 Planning Time: 0.037 ms
 Execution Time: 531.388 ms
(3 rows)

                                                               QUERY PLAN                                                               
----------------------------------------------------------------------------------------------------------------------------------------
 Seq Scan on hstore_inline_uncompressed  (cost=0.00..262500.00 rows=1000000 width=32) (actual time=0.011..487.149 rows=1000000 loops=1)
 Planning Time: 0.035 ms
 Execution Time: 526.825 ms
(3 rows)

               ?column?               
--------------------------------------
 hstore_inline_uncompressed not found
(1 row)

                                                               QUERY PLAN                                                               
----------------------------------------------------------------------------------------------------------------------------------------
 Seq Scan on hstore_inline_uncompressed  (cost=0.00..262500.00 rows=1000000 width=32) (actual time=0.011..477.116 rows=1000000 loops=1)
 Planning Time: 0.034 ms
 Execution Time: 516.941 ms
(3 rows)

                                                               QUERY PLAN                                                               
----------------------------------------------------------------------------------------------------------------------------------------
 Seq Scan on hstore_inline_uncompressed  (cost=0.00..262500.00 rows=1000000 width=32) (actual time=0.012..490.360 rows=1000000 loops=1)
 Planning Time: 0.035 ms
 Execution Time: 530.310 ms
(3 rows)

                                                               QUERY PLAN                                                               
----------------------------------------------------------------------------------------------------------------------------------------
 Seq Scan on hstore_inline_uncompressed  (cost=0.00..262500.00 rows=1000000 width=32) (actual time=0.012..475.818 rows=1000000 loops=1)
 Planning Time: 0.036 ms
 Execution Time: 515.430 ms
(3 rows)

                ?column?                
----------------------------------------
 hstore_inline_uncompressed count found
(1 row)

                                                                   QUERY PLAN                                                                   
------------------------------------------------------------------------------------------------------------------------------------------------
 Aggregate  (cost=265000.00..265000.01 rows=1 width=8) (actual time=532.903..532.905 rows=1 loops=1)
   ->  Seq Scan on hstore_inline_uncompressed  (cost=0.00..260000.00 rows=1000000 width=2008) (actual time=0.005..197.761 rows=1000000 loops=1)
 Planning Time: 0.736 ms
 Execution Time: 532.986 ms
(4 rows)

                                                                   QUERY PLAN                                                                   
------------------------------------------------------------------------------------------------------------------------------------------------
 Aggregate  (cost=265000.00..265000.01 rows=1 width=8) (actual time=528.496..528.498 rows=1 loops=1)
   ->  Seq Scan on hstore_inline_uncompressed  (cost=0.00..260000.00 rows=1000000 width=2008) (actual time=0.008..195.713 rows=1000000 loops=1)
 Planning Time: 0.046 ms
 Execution Time: 528.536 ms
(4 rows)

                                                                   QUERY PLAN                                                                   
------------------------------------------------------------------------------------------------------------------------------------------------
 Aggregate  (cost=265000.00..265000.01 rows=1 width=8) (actual time=531.342..531.344 rows=1 loops=1)
   ->  Seq Scan on hstore_inline_uncompressed  (cost=0.00..260000.00 rows=1000000 width=2008) (actual time=0.008..196.907 rows=1000000 loops=1)
 Planning Time: 0.044 ms
 Execution Time: 531.395 ms
(4 rows)

                  ?column?                  
--------------------------------------------
 hstore_inline_uncompressed count not found
(1 row)

                                                                   QUERY PLAN                                                                   
------------------------------------------------------------------------------------------------------------------------------------------------
 Aggregate  (cost=265000.00..265000.01 rows=1 width=8) (actual time=518.942..518.944 rows=1 loops=1)
   ->  Seq Scan on hstore_inline_uncompressed  (cost=0.00..260000.00 rows=1000000 width=2008) (actual time=0.008..195.701 rows=1000000 loops=1)
 Planning Time: 0.041 ms
 Execution Time: 518.982 ms
(4 rows)

                                                                   QUERY PLAN                                                                   
------------------------------------------------------------------------------------------------------------------------------------------------
 Aggregate  (cost=265000.00..265000.01 rows=1 width=8) (actual time=515.510..515.512 rows=1 loops=1)
   ->  Seq Scan on hstore_inline_uncompressed  (cost=0.00..260000.00 rows=1000000 width=2008) (actual time=0.008..193.634 rows=1000000 loops=1)
 Planning Time: 0.062 ms
 Execution Time: 515.549 ms
(4 rows)

                                                                   QUERY PLAN                                                                   
------------------------------------------------------------------------------------------------------------------------------------------------
 Aggregate  (cost=265000.00..265000.01 rows=1 width=8) (actual time=579.991..579.992 rows=1 loops=1)
   ->  Seq Scan on hstore_inline_uncompressed  (cost=0.00..260000.00 rows=1000000 width=2008) (actual time=0.008..224.237 rows=1000000 loops=1)
 Planning Time: 0.042 ms
 Execution Time: 580.027 ms
(4 rows)

CREATE TABLE
INSERT 0 1000000
VACUUM
            substr             | octet_length | pg_column_size | pg_column_size 
-------------------------------+--------------+----------------+----------------
 "k0k0k0k0k0k0k0k0k0k0k0k0k0k0 |         1942 |            200 |            224
(1 row)

            ?column?            
--------------------------------
 hstore_inline_compressed found
(1 row)

                                                              QUERY PLAN                                                              
--------------------------------------------------------------------------------------------------------------------------------------
 Seq Scan on hstore_inline_compressed  (cost=0.00..41072.00 rows=1000000 width=32) (actual time=0.013..1087.415 rows=1000000 loops=1)
 Planning Time: 0.036 ms
 Execution Time: 1127.164 ms
(3 rows)

                                                              QUERY PLAN                                                              
--------------------------------------------------------------------------------------------------------------------------------------
 Seq Scan on hstore_inline_compressed  (cost=0.00..41072.00 rows=1000000 width=32) (actual time=0.012..1081.072 rows=1000000 loops=1)
 Planning Time: 0.034 ms
 Execution Time: 1120.415 ms
(3 rows)

                                                              QUERY PLAN                                                              
--------------------------------------------------------------------------------------------------------------------------------------
 Seq Scan on hstore_inline_compressed  (cost=0.00..41072.00 rows=1000000 width=32) (actual time=0.015..1083.003 rows=1000000 loops=1)
 Planning Time: 0.038 ms
 Execution Time: 1122.593 ms
(3 rows)

              ?column?              
------------------------------------
 hstore_inline_compressed not found
(1 row)

                                                              QUERY PLAN                                                              
--------------------------------------------------------------------------------------------------------------------------------------
 Seq Scan on hstore_inline_compressed  (cost=0.00..41072.00 rows=1000000 width=32) (actual time=0.013..1062.992 rows=1000000 loops=1)
 Planning Time: 0.035 ms
 Execution Time: 1102.708 ms
(3 rows)

                                                              QUERY PLAN                                                              
--------------------------------------------------------------------------------------------------------------------------------------
 Seq Scan on hstore_inline_compressed  (cost=0.00..41072.00 rows=1000000 width=32) (actual time=0.016..1059.190 rows=1000000 loops=1)
 Planning Time: 0.043 ms
 Execution Time: 1098.878 ms
(3 rows)

                                                              QUERY PLAN                                                              
--------------------------------------------------------------------------------------------------------------------------------------
 Seq Scan on hstore_inline_compressed  (cost=0.00..41072.00 rows=1000000 width=32) (actual time=0.015..1125.198 rows=1000000 loops=1)
 Planning Time: 0.036 ms
 Execution Time: 1166.588 ms
(3 rows)

               ?column?               
--------------------------------------
 hstore_inline_compressed count found
(1 row)

                                                                QUERY PLAN                                                                 
-------------------------------------------------------------------------------------------------------------------------------------------
 Aggregate  (cost=43572.00..43572.01 rows=1 width=8) (actual time=1120.184..1120.185 rows=1 loops=1)
   ->  Seq Scan on hstore_inline_compressed  (cost=0.00..38572.00 rows=1000000 width=200) (actual time=0.008..85.676 rows=1000000 loops=1)
 Planning Time: 0.042 ms
 Execution Time: 1120.223 ms
(4 rows)

                                                                QUERY PLAN                                                                 
-------------------------------------------------------------------------------------------------------------------------------------------
 Aggregate  (cost=43572.00..43572.01 rows=1 width=8) (actual time=1116.295..1116.296 rows=1 loops=1)
   ->  Seq Scan on hstore_inline_compressed  (cost=0.00..38572.00 rows=1000000 width=200) (actual time=0.008..85.101 rows=1000000 loops=1)
 Planning Time: 0.044 ms
 Execution Time: 1116.332 ms
(4 rows)

                                                                QUERY PLAN                                                                 
-------------------------------------------------------------------------------------------------------------------------------------------
 Aggregate  (cost=43572.00..43572.01 rows=1 width=8) (actual time=1117.645..1117.646 rows=1 loops=1)
   ->  Seq Scan on hstore_inline_compressed  (cost=0.00..38572.00 rows=1000000 width=200) (actual time=0.007..85.304 rows=1000000 loops=1)
 Planning Time: 0.043 ms
 Execution Time: 1117.681 ms
(4 rows)

                 ?column?                 
------------------------------------------
 hstore_inline_compressed count not found
(1 row)

                                                                QUERY PLAN                                                                 
-------------------------------------------------------------------------------------------------------------------------------------------
 Aggregate  (cost=43572.00..43572.01 rows=1 width=8) (actual time=1080.082..1080.084 rows=1 loops=1)
   ->  Seq Scan on hstore_inline_compressed  (cost=0.00..38572.00 rows=1000000 width=200) (actual time=0.007..83.900 rows=1000000 loops=1)
 Planning Time: 0.039 ms
 Execution Time: 1080.118 ms
(4 rows)

                                                                QUERY PLAN                                                                 
-------------------------------------------------------------------------------------------------------------------------------------------
 Aggregate  (cost=43572.00..43572.01 rows=1 width=8) (actual time=1086.849..1086.851 rows=1 loops=1)
   ->  Seq Scan on hstore_inline_compressed  (cost=0.00..38572.00 rows=1000000 width=200) (actual time=0.007..84.917 rows=1000000 loops=1)
 Planning Time: 0.040 ms
 Execution Time: 1086.886 ms
(4 rows)

                                                                QUERY PLAN                                                                 
-------------------------------------------------------------------------------------------------------------------------------------------
 Aggregate  (cost=43572.00..43572.01 rows=1 width=8) (actual time=1081.773..1081.774 rows=1 loops=1)
   ->  Seq Scan on hstore_inline_compressed  (cost=0.00..38572.00 rows=1000000 width=200) (actual time=0.008..84.413 rows=1000000 loops=1)
 Planning Time: 0.048 ms
 Execution Time: 1081.810 ms
(4 rows)

CREATE TABLE
INSERT 0 1000000
VACUUM
            substr             | octet_length | pg_column_size | pg_column_size 
-------------------------------+--------------+----------------+----------------
 "1aTa2ob42SQnxGptBZ8spAHA3XPH |         1942 |           2005 |           2033
(1 row)

            ?column?             
---------------------------------
 hstore_toast_uncompressed found
(1 row)

                                                              QUERY PLAN                                                               
---------------------------------------------------------------------------------------------------------------------------------------
 Seq Scan on hstore_toast_uncompressed  (cost=0.00..18870.00 rows=1000000 width=32) (actual time=0.037..3462.635 rows=1000000 loops=1)
 Planning Time: 0.039 ms
 Execution Time: 3524.314 ms
(3 rows)

                                                              QUERY PLAN                                                               
---------------------------------------------------------------------------------------------------------------------------------------
 Seq Scan on hstore_toast_uncompressed  (cost=0.00..18870.00 rows=1000000 width=32) (actual time=0.036..3420.262 rows=1000000 loops=1)
 Planning Time: 0.043 ms
 Execution Time: 3480.099 ms
(3 rows)

                                                              QUERY PLAN                                                               
---------------------------------------------------------------------------------------------------------------------------------------
 Seq Scan on hstore_toast_uncompressed  (cost=0.00..18870.00 rows=1000000 width=32) (actual time=0.036..3413.739 rows=1000000 loops=1)
 Planning Time: 0.046 ms
 Execution Time: 3473.672 ms
(3 rows)

              ?column?               
-------------------------------------
 hstore_toast_uncompressed not found
(1 row)

                                                              QUERY PLAN                                                               
---------------------------------------------------------------------------------------------------------------------------------------
 Seq Scan on hstore_toast_uncompressed  (cost=0.00..18870.00 rows=1000000 width=32) (actual time=0.037..3372.234 rows=1000000 loops=1)
 Planning Time: 0.036 ms
 Execution Time: 3436.352 ms
(3 rows)

                                                              QUERY PLAN                                                               
---------------------------------------------------------------------------------------------------------------------------------------
 Seq Scan on hstore_toast_uncompressed  (cost=0.00..18870.00 rows=1000000 width=32) (actual time=0.036..3298.712 rows=1000000 loops=1)
 Planning Time: 0.040 ms
 Execution Time: 3361.488 ms
(3 rows)

                                                              QUERY PLAN                                                               
---------------------------------------------------------------------------------------------------------------------------------------
 Seq Scan on hstore_toast_uncompressed  (cost=0.00..18870.00 rows=1000000 width=32) (actual time=0.033..3303.821 rows=1000000 loops=1)
 Planning Time: 0.034 ms
 Execution Time: 3366.541 ms
(3 rows)

               ?column?                
---------------------------------------
 hstore_toast_uncompressed count found
(1 row)

                                                                QUERY PLAN                                                                 
-------------------------------------------------------------------------------------------------------------------------------------------
 Aggregate  (cost=21370.00..21370.01 rows=1 width=8) (actual time=3401.951..3401.953 rows=1 loops=1)
   ->  Seq Scan on hstore_toast_uncompressed  (cost=0.00..16370.00 rows=1000000 width=18) (actual time=0.009..83.794 rows=1000000 loops=1)
 Planning Time: 0.046 ms
 Execution Time: 3401.993 ms
(4 rows)

                                                                QUERY PLAN                                                                 
-------------------------------------------------------------------------------------------------------------------------------------------
 Aggregate  (cost=21370.00..21370.01 rows=1 width=8) (actual time=3303.376..3303.378 rows=1 loops=1)
   ->  Seq Scan on hstore_toast_uncompressed  (cost=0.00..16370.00 rows=1000000 width=18) (actual time=0.012..80.636 rows=1000000 loops=1)
 Planning Time: 0.059 ms
 Execution Time: 3303.422 ms
(4 rows)

                                                                QUERY PLAN                                                                 
-------------------------------------------------------------------------------------------------------------------------------------------
 Aggregate  (cost=21370.00..21370.01 rows=1 width=8) (actual time=3318.572..3318.574 rows=1 loops=1)
   ->  Seq Scan on hstore_toast_uncompressed  (cost=0.00..16370.00 rows=1000000 width=18) (actual time=0.009..81.030 rows=1000000 loops=1)
 Planning Time: 0.071 ms
 Execution Time: 3318.619 ms
(4 rows)

                 ?column?                  
-------------------------------------------
 hstore_toast_uncompressed count not found
(1 row)

                                                                QUERY PLAN                                                                 
-------------------------------------------------------------------------------------------------------------------------------------------
 Aggregate  (cost=21370.00..21370.01 rows=1 width=8) (actual time=3314.095..3314.096 rows=1 loops=1)
   ->  Seq Scan on hstore_toast_uncompressed  (cost=0.00..16370.00 rows=1000000 width=18) (actual time=0.008..80.018 rows=1000000 loops=1)
 Planning Time: 0.038 ms
 Execution Time: 3314.139 ms
(4 rows)

                                                                QUERY PLAN                                                                 
-------------------------------------------------------------------------------------------------------------------------------------------
 Aggregate  (cost=21370.00..21370.01 rows=1 width=8) (actual time=3394.097..3394.099 rows=1 loops=1)
   ->  Seq Scan on hstore_toast_uncompressed  (cost=0.00..16370.00 rows=1000000 width=18) (actual time=0.010..83.931 rows=1000000 loops=1)
 Planning Time: 0.055 ms
 Execution Time: 3394.137 ms
(4 rows)

                                                                QUERY PLAN                                                                 
-------------------------------------------------------------------------------------------------------------------------------------------
 Aggregate  (cost=21370.00..21370.01 rows=1 width=8) (actual time=3465.248..3465.250 rows=1 loops=1)
   ->  Seq Scan on hstore_toast_uncompressed  (cost=0.00..16370.00 rows=1000000 width=18) (actual time=0.009..84.632 rows=1000000 loops=1)
 Planning Time: 0.040 ms
 Execution Time: 3465.286 ms
(4 rows)

CREATE TABLE
INSERT 0 1000000
VACUUM
            substr             | octet_length | pg_column_size | pg_column_size 
-------------------------------+--------------+----------------+----------------
 "k0k0k0k0k0k0k0k0k0k0k0k0k0k0 |         2628 |           2006 |           2034
(1 row)

           ?column?            
-------------------------------
 hstore_toast_compressed found
(1 row)

                                                             QUERY PLAN                                                              
-------------------------------------------------------------------------------------------------------------------------------------
 Seq Scan on hstore_toast_compressed  (cost=0.00..18870.00 rows=1000000 width=32) (actual time=0.038..7264.530 rows=1000000 loops=1)
 Planning Time: 0.037 ms
 Execution Time: 7324.059 ms
(3 rows)

                                                             QUERY PLAN                                                              
-------------------------------------------------------------------------------------------------------------------------------------
 Seq Scan on hstore_toast_compressed  (cost=0.00..18870.00 rows=1000000 width=32) (actual time=0.040..7354.860 rows=1000000 loops=1)
 Planning Time: 0.036 ms
 Execution Time: 7414.283 ms
(3 rows)

                                                             QUERY PLAN                                                              
-------------------------------------------------------------------------------------------------------------------------------------
 Seq Scan on hstore_toast_compressed  (cost=0.00..18870.00 rows=1000000 width=32) (actual time=0.039..7215.412 rows=1000000 loops=1)
 Planning Time: 0.055 ms
 Execution Time: 7274.470 ms
(3 rows)

             ?column?              
-----------------------------------
 hstore_toast_compressed not found
(1 row)

                                                             QUERY PLAN                                                              
-------------------------------------------------------------------------------------------------------------------------------------
 Seq Scan on hstore_toast_compressed  (cost=0.00..18870.00 rows=1000000 width=32) (actual time=0.038..7288.872 rows=1000000 loops=1)
 Planning Time: 0.038 ms
 Execution Time: 7350.740 ms
(3 rows)

                                                             QUERY PLAN                                                              
-------------------------------------------------------------------------------------------------------------------------------------
 Seq Scan on hstore_toast_compressed  (cost=0.00..18870.00 rows=1000000 width=32) (actual time=0.059..7532.749 rows=1000000 loops=1)
 Planning Time: 0.057 ms
 Execution Time: 7595.071 ms
(3 rows)

                                                             QUERY PLAN                                                              
-------------------------------------------------------------------------------------------------------------------------------------
 Seq Scan on hstore_toast_compressed  (cost=0.00..18870.00 rows=1000000 width=32) (actual time=0.045..7594.839 rows=1000000 loops=1)
 Planning Time: 0.042 ms
 Execution Time: 7658.037 ms
(3 rows)

              ?column?               
-------------------------------------
 hstore_toast_compressed count found
(1 row)

                                                               QUERY PLAN                                                                
-----------------------------------------------------------------------------------------------------------------------------------------
 Aggregate  (cost=21370.00..21370.01 rows=1 width=8) (actual time=7395.124..7395.125 rows=1 loops=1)
   ->  Seq Scan on hstore_toast_compressed  (cost=0.00..16370.00 rows=1000000 width=18) (actual time=0.010..87.333 rows=1000000 loops=1)
 Planning Time: 0.066 ms
 Execution Time: 7395.165 ms
(4 rows)

                                                               QUERY PLAN                                                                
-----------------------------------------------------------------------------------------------------------------------------------------
 Aggregate  (cost=21370.00..21370.01 rows=1 width=8) (actual time=7270.040..7270.041 rows=1 loops=1)
   ->  Seq Scan on hstore_toast_compressed  (cost=0.00..16370.00 rows=1000000 width=18) (actual time=0.008..84.492 rows=1000000 loops=1)
 Planning Time: 0.056 ms
 Execution Time: 7270.076 ms
(4 rows)

                                                               QUERY PLAN                                                                
-----------------------------------------------------------------------------------------------------------------------------------------
 Aggregate  (cost=21370.00..21370.01 rows=1 width=8) (actual time=7277.223..7277.224 rows=1 loops=1)
   ->  Seq Scan on hstore_toast_compressed  (cost=0.00..16370.00 rows=1000000 width=18) (actual time=0.008..86.909 rows=1000000 loops=1)
 Planning Time: 0.041 ms
 Execution Time: 7277.259 ms
(4 rows)

                ?column?                 
-----------------------------------------
 hstore_toast_compressed count not found
(1 row)

                                                               QUERY PLAN                                                                
-----------------------------------------------------------------------------------------------------------------------------------------
 Aggregate  (cost=21370.00..21370.01 rows=1 width=8) (actual time=7279.413..7279.415 rows=1 loops=1)
   ->  Seq Scan on hstore_toast_compressed  (cost=0.00..16370.00 rows=1000000 width=18) (actual time=0.008..83.929 rows=1000000 loops=1)
 Planning Time: 0.048 ms
 Execution Time: 7279.469 ms
(4 rows)

                                                               QUERY PLAN                                                                
-----------------------------------------------------------------------------------------------------------------------------------------
 Aggregate  (cost=21370.00..21370.01 rows=1 width=8) (actual time=7179.528..7179.529 rows=1 loops=1)
   ->  Seq Scan on hstore_toast_compressed  (cost=0.00..16370.00 rows=1000000 width=18) (actual time=0.008..83.254 rows=1000000 loops=1)
 Planning Time: 0.091 ms
 Execution Time: 7179.570 ms
(4 rows)

                                                               QUERY PLAN                                                                
-----------------------------------------------------------------------------------------------------------------------------------------
 Aggregate  (cost=21370.00..21370.01 rows=1 width=8) (actual time=7238.847..7238.849 rows=1 loops=1)
   ->  Seq Scan on hstore_toast_compressed  (cost=0.00..16370.00 rows=1000000 width=18) (actual time=0.009..86.031 rows=1000000 loops=1)
 Planning Time: 0.040 ms
 Execution Time: 7238.883 ms
(4 rows)

   oid    |          relname           | reltoastrelid | relpages | reltuples | toast_pages | toast_tuples | total_relation_size | total_relation_size_pretty 
----------+----------------------------+---------------+----------+-----------+-------------+--------------+---------------------+----------------------------
 22016903 | bytea_inline_compressed    |      22016906 |     9346 |     1e+06 |           0 |            0 |            76619776 | 73 MB
 22016897 | bytea_inline_uncompressed  |      22016900 |   250000 |     1e+06 |           0 |            0 |          2048598016 | 1954 MB
 23016915 | bytea_toast_compressed     |      23016918 |     6370 |     1e+06 |      333334 |        2e+06 |          2828615680 | 2698 MB
 22016909 | bytea_toast_uncompressed   |      22016912 |     6370 |     1e+06 |      333334 |        2e+06 |          2828615680 | 2698 MB
 28017005 | hstore_inline_compressed   |      28017008 |    28572 |     1e+06 |           0 |            0 |           234160128 | 223 MB
 28016999 | hstore_inline_uncompressed |      28017002 |   250000 |     1e+06 |           0 |            0 |          2048598016 | 1954 MB
 29017017 | hstore_toast_compressed    |      29017020 |     6370 |     1e+06 |      333334 |        2e+06 |          2828615680 | 2698 MB
 28017011 | hstore_toast_uncompressed  |      28017014 |     6370 |     1e+06 |      333334 |        2e+06 |          2828615680 | 2698 MB
 17016824 | json_inline_compressed     |      17016827 |    21277 |     1e+06 |           0 |            0 |           174383104 | 166 MB
 17016818 | json_inline_uncompressed   |      17016821 |   250000 |     1e+06 |           0 |            0 |          2048598016 | 1954 MB
 18016836 | json_toast_compressed      |      18016839 |     6370 |     1e+06 |      333334 |        2e+06 |          2828615680 | 2698 MB
 17016830 | json_toast_uncompressed    |      17016833 |     6370 |     1e+06 |      333334 |        2e+06 |          2828615680 | 2698 MB
 26016981 | jsonb_inline_compressed    |      26016984 |    18182 |     1e+06 |           0 |            0 |           149020672 | 142 MB
 26016975 | jsonb_inline_uncompressed  |      26016978 |   250000 |     1e+06 |           0 |            0 |          2048598016 | 1954 MB
 27016993 | jsonb_toast_compressed     |      27016996 |     6370 |     1e+06 |      333334 |        2e+06 |          2828615680 | 2698 MB
 26016987 | jsonb_toast_uncompressed   |      26016990 |     6370 |     1e+06 |      333334 |        2e+06 |          2828615680 | 2698 MB
 24016927 | text_inline_compressed     |      24016930 |     9346 |     1e+06 |           0 |            0 |            76619776 | 73 MB
 24016921 | text_inline_uncompressed   |      24016924 |   250000 |     1e+06 |           0 |            0 |          2048598016 | 1954 MB
 25016939 | text_toast_compressed      |      25016942 |     6370 |     1e+06 |      333334 |        2e+06 |          2828615680 | 2698 MB
 24016933 | text_toast_uncompressed    |      24016936 |     6370 |     1e+06 |      333334 |        2e+06 |          2828615680 | 2698 MB
 26016962 | text_wtf                   |      26016965 |   250000 |     1e+06 |           0 |            0 |          2048598016 | 1954 MB
(21 rows)

